0 info it worked if it ends with ok
1 verbose cli [ 'node', '/usr/local/bin/npm', 'install', '-g', 'ios-sim' ]
2 info using npm@2.5.1
3 info using node@v0.12.0
4 silly cache add args [ 'ios-sim', null ]
5 verbose cache add spec ios-sim
6 silly cache add parsed spec { raw: 'ios-sim',
6 silly cache add   scope: null,
6 silly cache add   name: 'ios-sim',
6 silly cache add   rawSpec: '',
6 silly cache add   spec: '*',
6 silly cache add   type: 'range' }
7 verbose addNamed ios-sim@*
8 silly addNamed semver.valid null
9 silly addNamed semver.validRange *
10 silly addNameRange { name: 'ios-sim', range: '*', hasData: false }
11 silly mapToRegistry name ios-sim
12 silly mapToRegistry using default registry
13 silly mapToRegistry registry https://registry.npmjs.org/
14 silly mapToRegistry uri https://registry.npmjs.org/ios-sim
15 verbose addNameRange registry:https://registry.npmjs.org/ios-sim not in flight; fetching
16 verbose request uri https://registry.npmjs.org/ios-sim
17 verbose request no auth needed
18 info attempt registry request try #1 at 2:43:38 PM
19 verbose request id 36ea8de0f5eac6fe
20 http request GET https://registry.npmjs.org/ios-sim
21 http 200 https://registry.npmjs.org/ios-sim
22 silly get cb [ 200,
22 silly get   { date: 'Sun, 15 Feb 2015 13:43:39 GMT',
22 silly get     server: 'CouchDB/1.5.0 (Erlang OTP/R16B03)',
22 silly get     etag: '"5N2I9S5HWR4XHX26339ANL7X5"',
22 silly get     'content-type': 'application/json',
22 silly get     'cache-control': 'max-age=60',
22 silly get     'content-length': '16842',
22 silly get     'accept-ranges': 'bytes',
22 silly get     via: '1.1 varnish',
22 silly get     age: '57',
22 silly get     'x-served-by': 'cache-ams4127-AMS',
22 silly get     'x-cache': 'HIT',
22 silly get     'x-cache-hits': '1',
22 silly get     'x-timer': 'S1424007819.799632,VS0,VE0',
22 silly get     vary: 'Accept',
22 silly get     'keep-alive': 'timeout=10, max=50',
22 silly get     connection: 'Keep-Alive' } ]
23 verbose get saving ios-sim to /var/root/.npm/registry.npmjs.org/ios-sim/.cache.json
24 verbose getCacheStat cache creation not in flight; initializing
25 silly addNameRange number 2 { name: 'ios-sim', range: '*', hasData: true }
26 silly addNameRange versions [ 'ios-sim',
26 silly addNameRange   [ '1.8.0',
26 silly addNameRange     '1.8.1',
26 silly addNameRange     '1.8.2',
26 silly addNameRange     '1.9.0',
26 silly addNameRange     '2.0.0',
26 silly addNameRange     '2.0.1',
26 silly addNameRange     '3.0.0',
26 silly addNameRange     '3.1.0',
26 silly addNameRange     '3.1.1',
26 silly addNameRange     '4.0.0',
26 silly addNameRange     '4.0.1' ] ]
27 verbose addNamed ios-sim@3.1.1
28 silly addNamed semver.valid 3.1.1
29 silly addNamed semver.validRange 3.1.1
30 silly mapToRegistry name ios-sim
31 silly mapToRegistry using default registry
32 silly mapToRegistry registry https://registry.npmjs.org/
33 silly mapToRegistry uri https://registry.npmjs.org/ios-sim
34 verbose addRemoteTarball https://registry.npmjs.org/ios-sim/-/ios-sim-3.1.1.tgz not in flight; adding
35 verbose addRemoteTarball [ 'https://registry.npmjs.org/ios-sim/-/ios-sim-3.1.1.tgz',
35 verbose addRemoteTarball   '1129c3fda31b917ef656b8c53fd276392b51c6e8' ]
36 info retry fetch attempt 1 at 2:43:38 PM
37 info attempt registry request try #1 at 2:43:38 PM
38 http fetch GET https://registry.npmjs.org/ios-sim/-/ios-sim-3.1.1.tgz
39 http fetch 200 https://registry.npmjs.org/ios-sim/-/ios-sim-3.1.1.tgz
40 silly fetchAndShaCheck shasum 1129c3fda31b917ef656b8c53fd276392b51c6e8
41 verbose addTmpTarball /tmp/npm-51216-2cc82797/registry.npmjs.org/ios-sim/-/ios-sim-3.1.1.tgz not in flight; adding
42 verbose addTmpTarball already have metadata; skipping unpack for ios-sim@3.1.1
43 silly cache afterAdd ios-sim@3.1.1
44 verbose afterAdd /var/root/.npm/ios-sim/3.1.1/package/package.json not in flight; writing
45 verbose afterAdd /var/root/.npm/ios-sim/3.1.1/package/package.json written
46 silly install resolved [ { name: 'ios-sim',
46 silly install resolved     version: '3.1.1',
46 silly install resolved     description: 'launch iOS apps into the iOS Simulator from the command line (Xcode 6.0)',
46 silly install resolved     main: 'ios-sim',
46 silly install resolved     scripts: { preinstall: 'rake build' },
46 silly install resolved     bin: { 'ios-sim': 'build/Release/ios-sim' },
46 silly install resolved     repository: { type: 'git', url: 'https://github.com/phonegap/ios-sim' },
46 silly install resolved     keywords: [ 'ios-sim', 'iOS Simulator' ],
46 silly install resolved     author: { name: 'Landon Fuller, Jeff Haynie, Eloy Duran, Shazron Abdullah' },
46 silly install resolved     license: 'MIT',
46 silly install resolved     gitHead: 'c6ec64397e5fa462f1ea2d4e4fdc123a856618f9',
46 silly install resolved     bugs: { url: 'https://github.com/phonegap/ios-sim/issues' },
46 silly install resolved     homepage: 'https://github.com/phonegap/ios-sim',
46 silly install resolved     _id: 'ios-sim@3.1.1',
46 silly install resolved     _shasum: '1129c3fda31b917ef656b8c53fd276392b51c6e8',
46 silly install resolved     _from: 'ios-sim@*',
46 silly install resolved     _npmVersion: '1.4.14',
46 silly install resolved     _npmUser: { name: 'shazron', email: 'shazron@gmail.com' },
46 silly install resolved     maintainers: [ [Object] ],
46 silly install resolved     dist:
46 silly install resolved      { shasum: '1129c3fda31b917ef656b8c53fd276392b51c6e8',
46 silly install resolved        tarball: 'http://registry.npmjs.org/ios-sim/-/ios-sim-3.1.1.tgz' },
46 silly install resolved     directories: {},
46 silly install resolved     _resolved: 'https://registry.npmjs.org/ios-sim/-/ios-sim-3.1.1.tgz' } ]
47 info install ios-sim@3.1.1 into /usr/local/lib
48 info installOne ios-sim@3.1.1
49 verbose installOne of ios-sim to /usr/local/lib not in flight; installing
50 verbose lock using /var/root/.npm/_locks/ios-sim-3bb56db538048d2f.lock for /usr/local/lib/node_modules/ios-sim
51 silly install write writing ios-sim 3.1.1 to /usr/local/lib/node_modules/ios-sim
52 silly cache addNamed cb ios-sim@3.1.1
53 verbose unbuild lib/node_modules/ios-sim
54 verbose gentlyRm vacuuming /usr/local/lib/node_modules/ios-sim
55 verbose tar unpack /var/root/.npm/ios-sim/3.1.1/package.tgz
56 verbose tar unpacking to /usr/local/lib/node_modules/ios-sim
57 verbose gentlyRm vacuuming /usr/local/lib/node_modules/ios-sim
58 silly gunzTarPerm modes [ '755', '644' ]
59 silly gunzTarPerm extractEntry package.json
60 silly gunzTarPerm extractEntry .npmignore
61 silly gunzTarPerm extractEntry README.md
62 silly gunzTarPerm extractEntry LICENSE
63 silly gunzTarPerm extractEntry resources/buildbox/build.sh
64 silly gunzTarPerm extractEntry CoreSimulator/CoreSimulator.h
65 silly gunzTarPerm extractEntry CONTRIBUTING.md
66 silly gunzTarPerm extractEntry Rakefile
67 silly gunzTarPerm extractEntry Source/.npmignore
68 silly gunzTarPerm extractEntry Source/NSString+expandPath.h
69 silly gunzTarPerm extractEntry Source/NSString+expandPath.m
70 silly gunzTarPerm extractEntry Source/iPhoneSimulator.h
71 silly gunzTarPerm extractEntry Source/iPhoneSimulator.m
72 silly gunzTarPerm extractEntry Source/main.m
73 silly gunzTarPerm extractEntry Source/nsprintf.h
74 silly gunzTarPerm extractEntry Source/nsprintf.m
75 silly gunzTarPerm extractEntry Source/version.h
76 silly gunzTarPerm extractEntry ios-sim.xcodeproj/.npmignore
77 silly gunzTarPerm extractEntry ios-sim.xcodeproj/project.pbxproj
78 silly gunzTarPerm extractEntry ios-sim.xcodeproj/xcshareddata/xcschemes/ios-sim.xcscheme
79 silly gunzTarPerm extractEntry ios-sim_Prefix.pch
80 silly gunzTarPerm extractEntry DVTiPhoneSimulatorRemoteClient/DVTiPhoneSimulatorRemoteClient.h
81 silly gunzTarPerm extractEntry README.template.md
82 info preinstall ios-sim@3.1.1
83 verbose unsafe-perm in lifecycle false
84 info ios-sim@3.1.1 Failed to exec preinstall script
85 verbose unlock done using /var/root/.npm/_locks/ios-sim-3bb56db538048d2f.lock for /usr/local/lib/node_modules/ios-sim
86 verbose stack Error: ios-sim@3.1.1 preinstall: `rake build`
86 verbose stack Exit status 1
86 verbose stack     at EventEmitter.<anonymous> (/usr/local/lib/node_modules/npm/lib/utils/lifecycle.js:213:16)
86 verbose stack     at EventEmitter.emit (events.js:110:17)
86 verbose stack     at ChildProcess.<anonymous> (/usr/local/lib/node_modules/npm/lib/utils/spawn.js:14:12)
86 verbose stack     at ChildProcess.emit (events.js:110:17)
86 verbose stack     at maybeClose (child_process.js:1008:16)
86 verbose stack     at Process.ChildProcess._handle.onexit (child_process.js:1080:5)
87 verbose pkgid ios-sim@3.1.1
88 verbose cwd /Users/ff/code/meteocal-fgg/calcareapp
89 error Darwin 12.4.0
90 error argv "node" "/usr/local/bin/npm" "install" "-g" "ios-sim"
91 error node v0.12.0
92 error npm  v2.5.1
93 error code ELIFECYCLE
94 error ios-sim@3.1.1 preinstall: `rake build`
94 error Exit status 1
95 error Failed at the ios-sim@3.1.1 preinstall script 'rake build'.
95 error This is most likely a problem with the ios-sim package,
95 error not with npm itself.
95 error Tell the author that this fails on your system:
95 error     rake build
95 error You can get their info via:
95 error     npm owner ls ios-sim
95 error There is likely additional logging output above.
96 verbose exit [ 1, true ]
97 verbose unbuild lib/node_modules/ios-sim
98 info preuninstall ios-sim@3.1.1
99 info uninstall ios-sim@3.1.1
100 verbose unbuild rmStuff ios-sim@3.1.1 from /usr/local/lib/node_modules
101 verbose gentlyRm verifying that /usr/local is managed by npm
102 silly isManaged /usr/local is not inside /usr/local/lib/node_modules
103 silly isManaged /usr/local is not inside /usr/local/lib/node_modules
104 silly isManaged /usr/local/bin is inside /usr/local
105 silly gentlyRm /usr/local is managed by npm
106 silly gentlyRm /usr/local/bin/ios-sim is under /usr/local
107 verbose gentlyRm vacuuming /usr/local/bin/ios-sim up to /usr/local
108 info postuninstall ios-sim@3.1.1
109 verbose gentlyRm vacuuming /usr/local/lib/node_modules/ios-sim
110 silly gentlyRm purging /usr/local/lib/node_modules/ios-sim
111 silly gentlyRm quitting because other entries in /usr/local/lib/node_modules
